<?xml version="1.0" encoding="UTF-8"?>
<!-- Generated by org.testng.reporters.JUnitReportReporter -->
<testsuite hostname="DESKTOP-9VJLSCD" failures="0" tests="4" name="testNGpackage.Day2" time="0.032" errors="0" timestamp="2022-11-17T17:01:07 IST" skipped="0">
  <testcase classname="testNGpackage.Day2" name="ApiHomeLoan" time="0.005"/>
  <system-out/>
  <testcase classname="testNGpackage.Day2" name="A2" time="0.019"/>
  <system-out/>
  <testcase classname="testNGpackage.Day2" name="WebHomeLoan" time="0.005"/>
  <system-out/>
  <testcase classname="testNGpackage.Day2" name="MobileHomeLoan" time="0.003"/>
  <system-out/>
</testsuite> <!-- testNGpackage.Day2 -->
