<?xml version="1.0" encoding="UTF-8"?>
<!-- Generated by org.testng.reporters.JUnitReportReporter -->
<testsuite hostname="DESKTOP-9VJLSCD" failures="0" tests="4" name="testNGpackage.Day4" time="0.099" errors="0" timestamp="2022-11-17T17:00:40 IST" skipped="0">
  <testcase classname="testNGpackage.Day4" name="mobilepersonellLoan" time="0.009"/>
  <system-out/>
  <testcase classname="testNGpackage.Day4" name="webpersonellLoan" time="0.004"/>
  <system-out/>
  <testcase classname="testNGpackage.Day4" name="A4" time="0.030"/>
  <system-out/>
  <testcase classname="testNGpackage.Day4" name="apipersonellLoan" time="0.056"/>
  <system-out/>
</testsuite> <!-- testNGpackage.Day4 -->
