<?xml version="1.0" encoding="UTF-8"?>
<!-- Generated by org.testng.reporters.JUnitReportReporter -->
<testsuite hostname="DESKTOP-9VJLSCD" failures="0" tests="1" name="testNGpackage.FirstTNGdemo" time="0.024" errors="0" timestamp="2022-10-09T20:23:51 IST" skipped="0">
  <testcase classname="testNGpackage.FirstTNGdemo" name="verifyLogin" time="0.024"/>
  <system-out/>
</testsuite> <!-- testNGpackage.FirstTNGdemo -->
