<?xml version="1.0" encoding="UTF-8"?>
<!-- Generated by org.testng.reporters.JUnitReportReporter -->
<testsuite hostname="DESKTOP-9VJLSCD" failures="0" tests="2" name="testNGpackage.TestClass" time="0.041" errors="0" timestamp="2022-11-12T17:36:26 IST" skipped="0">
  <testcase classname="testNGpackage.TestClass" name="m5" time="0.027"/>
  <system-out/>
  <testcase classname="testNGpackage.TestClass" name="m6" time="0.014"/>
  <system-out/>
</testsuite> <!-- testNGpackage.TestClass -->
