<?xml version="1.0" encoding="UTF-8"?>
<!-- Generated by org.testng.reporters.JUnitReportReporter -->
<testsuite hostname="DESKTOP-9VJLSCD" failures="0" tests="3" name="testNGpackage.Day3" time="0.091" errors="0" timestamp="2022-11-17T17:00:40 IST" skipped="0">
  <testcase classname="testNGpackage.Day3" name="WebCarLoan" time="0.033"/>
  <system-out/>
  <testcase classname="testNGpackage.Day3" name="ApiCarLoan" time="0.046"/>
  <system-out/>
  <testcase classname="testNGpackage.Day3" name="MobilecarLoan" time="0.012"/>
  <system-out/>
</testsuite> <!-- testNGpackage.Day3 -->
