<?xml version="1.0" encoding="UTF-8"?>
<!-- Generated by org.testng.reporters.JUnitReportReporter -->
<testsuite hostname="DESKTOP-9VJLSCD" failures="0" tests="3" name="testNGpackage.Day1" time="0.129" errors="0" timestamp="2022-11-17T17:00:40 IST" skipped="0">
  <testcase classname="testNGpackage.Day1" name="FirstTestCase" time="0.011"/>
  <system-out/>
  <testcase classname="testNGpackage.Day1" name="SecondTestCase" time="0.058"/>
  <system-out/>
  <testcase classname="testNGpackage.Day1" name="A1" time="0.060"/>
  <system-out/>
</testsuite> <!-- testNGpackage.Day1 -->
